2023.04.20 20:37:36 INFO  Started: Metals version 0.11.11 in workspace '/home/kevin/Desktop/Github projects/Functional-Programming-with-Scala' for client Visual Studio Code 1.77.3.
SLF4J: No SLF4J providers were found.
SLF4J: Defaulting to no-operation (NOP) logger implementation
SLF4J: See https://www.slf4j.org/codes.html#noProviders for further details.
SLF4J: Class path contains SLF4J bindings targeting slf4j-api versions 1.7.x or earlier.
SLF4J: Ignoring binding found at [jar:file:/home/kevin/.cache/coursier/v1/https/repo1.maven.org/maven2/com/outr/scribe-slf4j_2.13/3.11.0/scribe-slf4j_2.13-3.11.0.jar!/org/slf4j/impl/StaticLoggerBinder.class]
SLF4J: See https://www.slf4j.org/codes.html#ignoredBindings for an explanation.
2023.04.20 20:37:39 INFO  time: initialize in 2.52s
2023.04.20 20:37:45 WARN  Build server is not auto-connectable.
2023.04.20 20:37:45 WARN  no build tool detected in workspace '/home/kevin/Desktop/Github projects/Functional-Programming-with-Scala'. The most common cause for this problem is that the editor was opened in the wrong working directory, for example if you use sbt then the workspace directory should contain build.sbt. 
2023.04.20 20:37:45 WARN  no build target for: /home/kevin/Desktop/Github projects/Functional-Programming-with-Scala/functional-programming/src/main/scala/Main.scala
2023.04.20 20:37:59 INFO  no build target found for /home/kevin/Desktop/Github projects/Functional-Programming-with-Scala/functional-programming/src/main/scala/Main.scala. Using presentation compiler with project's scala-library version: 3.2.2
2023.04.20 20:38:05 INFO  time: code lens generation in 11s
2023.04.20 20:38:05 INFO  time: code lens generation in 20s
2023.04.20 20:38:11 INFO  Shutting down server
2023.04.20 20:38:11 INFO  shutting down Metals
2023.04.20 20:38:11 INFO  Exiting server
2023.05.09 15:44:27 INFO  Started: Metals version 0.11.12 in workspace '/home/kevin/Desktop/Github projects/Functional-Programming-with-Scala' for client Visual Studio Code 1.78.0.[0m
May 09, 2023 3:44:27 PM org.flywaydb.core.internal.license.VersionPrinter printVersionOnly
INFO: Flyway Community Edition 9.16.3 by Redgate
May 09, 2023 3:44:27 PM org.flywaydb.core.internal.license.VersionPrinter printVersion
INFO: See release notes here: https://rd.gt/416ObMi
May 09, 2023 3:44:27 PM org.flywaydb.core.internal.license.VersionPrinter printVersion
INFO: 
May 09, 2023 3:44:28 PM org.flywaydb.core.internal.database.base.BaseDatabaseType createDatabase
INFO: Database: jdbc:h2:file:/home/kevin/Desktop/Github projects/Functional-Programming-with-Scala/.metals/metals (H2 2.1)
May 09, 2023 3:44:29 PM org.flywaydb.core.internal.command.DbValidate validate
INFO: Successfully validated 4 migrations (execution time 00:00.088s)
May 09, 2023 3:44:29 PM org.flywaydb.core.internal.command.DbMigrate migrateGroup
INFO: Current version of schema "PUBLIC": 4
May 09, 2023 3:44:29 PM org.flywaydb.core.internal.command.DbMigrate logSummary
INFO: Schema "PUBLIC" is up to date. No migration necessary.
2023.05.09 15:44:29 INFO  time: initialize in 1.69s[0m
2023.05.09 15:44:34 WARN  Build server is not auto-connectable.[0m
2023.05.09 15:44:34 WARN  no build tool detected in workspace '/home/kevin/Desktop/Github projects/Functional-Programming-with-Scala'. The most common cause for this problem is that the editor was opened in the wrong working directory, for example if you use sbt then the workspace directory should contain build.sbt. [0m
2023.05.09 15:44:34 WARN  no build target for: /home/kevin/Desktop/Github projects/Functional-Programming-with-Scala/functional-programming/src/main/scala/Main.scala[0m
